<?xml version="1.0" encoding="UTF-8"?>
<!-- Generated by org.testng.reporters.JUnitReportReporter -->
<testsuite hostname="DESKTOP-EP7QFKD" failures="0" tests="2" name="module1.Topic2" time="0.004" errors="0" timestamp="2022-10-15T17:58:17 IST" skipped="0">
  <testcase classname="module1.Topic2" name="testCase4" time="0.002"/>
  <system-out/>
  <testcase classname="module1.Topic2" name="testCase3" time="0.002"/>
  <system-out/>
</testsuite> <!-- module1.Topic2 -->
