<?xml version="1.0" encoding="UTF-8"?>
<!-- Generated by org.testng.reporters.JUnitReportReporter -->
<testsuite hostname="DESKTOP-EP7QFKD" failures="0" tests="4" name="module1.Topic1" time="0.029" errors="0" timestamp="2022-10-15T17:58:17 IST" skipped="0">
  <testcase classname="module1.Topic1" name="testCase2" time="0.006"/>
  <system-out/>
  <testcase classname="module1.Topic1" name="Demo1" time="0.009"/>
  <system-out/>
  <testcase classname="module1.Topic1" name="Demo2" time="0.012"/>
  <system-out/>
  <testcase classname="module1.Topic1" name="testCase1" time="0.002"/>
  <system-out/>
</testsuite> <!-- module1.Topic1 -->
