<?xml version="1.0" encoding="UTF-8"?>
<!-- Generated by org.testng.reporters.JUnitReportReporter -->
<testsuite hostname="DESKTOP-EP7QFKD" failures="0" tests="2" name="module1.Topic3" time="0.012" errors="0" timestamp="2022-10-15T17:58:17 IST" skipped="0">
  <testcase classname="module1.Topic3" name="testCase5" time="0.001"/>
  <system-out/>
  <testcase classname="module1.Topic3" name="testCase6" time="0.011"/>
  <system-out/>
</testsuite> <!-- module1.Topic3 -->
