<?xml version="1.0" encoding="UTF-8"?>
<!-- Generated by org.testng.reporters.JUnitReportReporter -->
<testsuite hostname="DESKTOP-EP7QFKD" failures="0" tests="3" name="module2.Topic1" time="0.013" errors="0" timestamp="2022-10-15T22:34:44 IST" skipped="0">
  <testcase classname="module2.Topic1" name="XYZ" time="0.002"/>
  <system-out/>
  <testcase classname="module2.Topic1" name="Abc" time="0.010"/>
  <system-out/>
  <testcase classname="module2.Topic1" name="testCase2" time="0.001"/>
  <system-out/>
</testsuite> <!-- module2.Topic1 -->
