<?xml version="1.0" encoding="UTF-8"?>
<!-- Generated by org.testng.reporters.JUnitReportReporter -->
<testsuite hostname="DESKTOP-EP7QFKD" failures="0" tests="1" name="module2.Topic4" time="0.002" errors="0" timestamp="2022-10-15T22:34:44 IST" skipped="0">
  <testcase classname="module2.Topic4" name="testCase8" time="0.002"/>
  <system-out/>
</testsuite> <!-- module2.Topic4 -->
