<?xml version="1.0" encoding="UTF-8"?>
<!-- Generated by org.testng.reporters.JUnitReportReporter -->
<testsuite hostname="DESKTOP-EP7QFKD" failures="0" tests="1" name="module2.Topic2" time="0.013" errors="0" timestamp="2022-10-15T22:05:51 IST" skipped="0">
  <testcase classname="module2.Topic2" name="testCase3" time="0.013"/>
  <system-out/>
</testsuite> <!-- module2.Topic2 -->
